<?xml version="1.0" encoding="UTF-8"?>
<testsuite xmlns:xsi="http://www.w3.org/2001/XMLSchema-instance" xsi:noNamespaceSchemaLocation="https://maven.apache.org/surefire/maven-surefire-plugin/xsd/surefire-test-report.xsd" name="com.atguigu.maven.mavendemo.MavendemoApplicationTests" time="2.121" tests="1" errors="0" skipped="0" failures="0">
  <properties>
    <property name="sun.desktop" value="windows"/>
    <property name="awt.toolkit" value="sun.awt.windows.WToolkit"/>
    <property name="file.encoding.pkg" value="sun.io"/>
    <property name="java.specification.version" value="1.8"/>
    <property name="sun.cpu.isalist" value="amd64"/>
    <property name="sun.jnu.encoding" value="GBK"/>
    <property name="java.class.path" value="D:\workspace_idea3\Project01\mavendemo\target\test-classes;D:\workspace_idea3\Project01\mavendemo\target\classes;F:\RepMaven\org\springframework\boot\spring-boot-starter\2.0.3.RELEASE\spring-boot-starter-2.0.3.RELEASE.jar;F:\RepMaven\org\springframework\boot\spring-boot\2.0.3.RELEASE\spring-boot-2.0.3.RELEASE.jar;F:\RepMaven\org\springframework\spring-context\5.0.7.RELEASE\spring-context-5.0.7.RELEASE.jar;F:\RepMaven\org\springframework\spring-aop\5.0.7.RELEASE\spring-aop-5.0.7.RELEASE.jar;F:\RepMaven\org\springframework\spring-beans\5.0.7.RELEASE\spring-beans-5.0.7.RELEASE.jar;F:\RepMaven\org\springframework\spring-expression\5.0.7.RELEASE\spring-expression-5.0.7.RELEASE.jar;F:\RepMaven\org\springframework\boot\spring-boot-autoconfigure\2.0.3.RELEASE\spring-boot-autoconfigure-2.0.3.RELEASE.jar;F:\RepMaven\org\springframework\boot\spring-boot-starter-logging\2.0.3.RELEASE\spring-boot-starter-logging-2.0.3.RELEASE.jar;F:\RepMaven\ch\qos\logback\logback-classic\1.2.3\logback-classic-1.2.3.jar;F:\RepMaven\ch\qos\logback\logback-core\1.2.3\logback-core-1.2.3.jar;F:\RepMaven\org\apache\logging\log4j\log4j-to-slf4j\2.10.0\log4j-to-slf4j-2.10.0.jar;F:\RepMaven\org\apache\logging\log4j\log4j-api\2.10.0\log4j-api-2.10.0.jar;F:\RepMaven\org\slf4j\jul-to-slf4j\1.7.25\jul-to-slf4j-1.7.25.jar;F:\RepMaven\javax\annotation\javax.annotation-api\1.3.2\javax.annotation-api-1.3.2.jar;F:\RepMaven\org\springframework\spring-core\5.0.7.RELEASE\spring-core-5.0.7.RELEASE.jar;F:\RepMaven\org\springframework\spring-jcl\5.0.7.RELEASE\spring-jcl-5.0.7.RELEASE.jar;F:\RepMaven\org\yaml\snakeyaml\1.19\snakeyaml-1.19.jar;F:\RepMaven\org\springframework\boot\spring-boot-starter-test\2.0.3.RELEASE\spring-boot-starter-test-2.0.3.RELEASE.jar;F:\RepMaven\org\springframework\boot\spring-boot-test\2.0.3.RELEASE\spring-boot-test-2.0.3.RELEASE.jar;F:\RepMaven\org\springframework\boot\spring-boot-test-autoconfigure\2.0.3.RELEASE\spring-boot-test-autoconfigure-2.0.3.RELEASE.jar;F:\RepMaven\com\jayway\jsonpath\json-path\2.4.0\json-path-2.4.0.jar;F:\RepMaven\net\minidev\json-smart\2.3\json-smart-2.3.jar;F:\RepMaven\net\minidev\accessors-smart\1.2\accessors-smart-1.2.jar;F:\RepMaven\org\ow2\asm\asm\5.0.4\asm-5.0.4.jar;F:\RepMaven\org\slf4j\slf4j-api\1.7.25\slf4j-api-1.7.25.jar;F:\RepMaven\junit\junit\4.12\junit-4.12.jar;F:\RepMaven\org\assertj\assertj-core\3.9.1\assertj-core-3.9.1.jar;F:\RepMaven\org\mockito\mockito-core\2.15.0\mockito-core-2.15.0.jar;F:\RepMaven\net\bytebuddy\byte-buddy\1.7.11\byte-buddy-1.7.11.jar;F:\RepMaven\net\bytebuddy\byte-buddy-agent\1.7.11\byte-buddy-agent-1.7.11.jar;F:\RepMaven\org\objenesis\objenesis\2.6\objenesis-2.6.jar;F:\RepMaven\org\hamcrest\hamcrest-core\1.3\hamcrest-core-1.3.jar;F:\RepMaven\org\hamcrest\hamcrest-library\1.3\hamcrest-library-1.3.jar;F:\RepMaven\org\skyscreamer\jsonassert\1.5.0\jsonassert-1.5.0.jar;F:\RepMaven\com\vaadin\external\google\android-json\0.0.20131108.vaadin1\android-json-0.0.20131108.vaadin1.jar;F:\RepMaven\org\springframework\spring-test\5.0.7.RELEASE\spring-test-5.0.7.RELEASE.jar;F:\RepMaven\org\xmlunit\xmlunit-core\2.5.1\xmlunit-core-2.5.1.jar;"/>
    <property name="java.vm.vendor" value="Oracle Corporation"/>
    <property name="sun.arch.data.model" value="64"/>
    <property name="user.variant" value=""/>
    <property name="java.vendor.url" value="http://java.oracle.com/"/>
    <property name="user.timezone" value=""/>
    <property name="java.vm.specification.version" value="1.8"/>
    <property name="os.name" value="Windows 7"/>
    <property name="user.country" value="CN"/>
    <property name="sun.java.launcher" value="SUN_STANDARD"/>
    <property name="sun.boot.library.path" value="D:\developer_tools\Java\jdk1.8.0_131\jre\bin"/>
    <property name="sun.java.command" value="C:\Users\ADMINI~1\AppData\Local\Temp\surefire349837639503311543\surefirebooter6369718318277314103.jar C:\Users\Administrator\AppData\Local\Temp\surefire349837639503311543 2018-07-13T21-23-09_057-jvmRun1 surefire7032169265438476504tmp surefire_04669870992078429158tmp"/>
    <property name="surefire.test.class.path" value="D:\workspace_idea3\Project01\mavendemo\target\test-classes;D:\workspace_idea3\Project01\mavendemo\target\classes;F:\RepMaven\org\springframework\boot\spring-boot-starter\2.0.3.RELEASE\spring-boot-starter-2.0.3.RELEASE.jar;F:\RepMaven\org\springframework\boot\spring-boot\2.0.3.RELEASE\spring-boot-2.0.3.RELEASE.jar;F:\RepMaven\org\springframework\spring-context\5.0.7.RELEASE\spring-context-5.0.7.RELEASE.jar;F:\RepMaven\org\springframework\spring-aop\5.0.7.RELEASE\spring-aop-5.0.7.RELEASE.jar;F:\RepMaven\org\springframework\spring-beans\5.0.7.RELEASE\spring-beans-5.0.7.RELEASE.jar;F:\RepMaven\org\springframework\spring-expression\5.0.7.RELEASE\spring-expression-5.0.7.RELEASE.jar;F:\RepMaven\org\springframework\boot\spring-boot-autoconfigure\2.0.3.RELEASE\spring-boot-autoconfigure-2.0.3.RELEASE.jar;F:\RepMaven\org\springframework\boot\spring-boot-starter-logging\2.0.3.RELEASE\spring-boot-starter-logging-2.0.3.RELEASE.jar;F:\RepMaven\ch\qos\logback\logback-classic\1.2.3\logback-classic-1.2.3.jar;F:\RepMaven\ch\qos\logback\logback-core\1.2.3\logback-core-1.2.3.jar;F:\RepMaven\org\apache\logging\log4j\log4j-to-slf4j\2.10.0\log4j-to-slf4j-2.10.0.jar;F:\RepMaven\org\apache\logging\log4j\log4j-api\2.10.0\log4j-api-2.10.0.jar;F:\RepMaven\org\slf4j\jul-to-slf4j\1.7.25\jul-to-slf4j-1.7.25.jar;F:\RepMaven\javax\annotation\javax.annotation-api\1.3.2\javax.annotation-api-1.3.2.jar;F:\RepMaven\org\springframework\spring-core\5.0.7.RELEASE\spring-core-5.0.7.RELEASE.jar;F:\RepMaven\org\springframework\spring-jcl\5.0.7.RELEASE\spring-jcl-5.0.7.RELEASE.jar;F:\RepMaven\org\yaml\snakeyaml\1.19\snakeyaml-1.19.jar;F:\RepMaven\org\springframework\boot\spring-boot-starter-test\2.0.3.RELEASE\spring-boot-starter-test-2.0.3.RELEASE.jar;F:\RepMaven\org\springframework\boot\spring-boot-test\2.0.3.RELEASE\spring-boot-test-2.0.3.RELEASE.jar;F:\RepMaven\org\springframework\boot\spring-boot-test-autoconfigure\2.0.3.RELEASE\spring-boot-test-autoconfigure-2.0.3.RELEASE.jar;F:\RepMaven\com\jayway\jsonpath\json-path\2.4.0\json-path-2.4.0.jar;F:\RepMaven\net\minidev\json-smart\2.3\json-smart-2.3.jar;F:\RepMaven\net\minidev\accessors-smart\1.2\accessors-smart-1.2.jar;F:\RepMaven\org\ow2\asm\asm\5.0.4\asm-5.0.4.jar;F:\RepMaven\org\slf4j\slf4j-api\1.7.25\slf4j-api-1.7.25.jar;F:\RepMaven\junit\junit\4.12\junit-4.12.jar;F:\RepMaven\org\assertj\assertj-core\3.9.1\assertj-core-3.9.1.jar;F:\RepMaven\org\mockito\mockito-core\2.15.0\mockito-core-2.15.0.jar;F:\RepMaven\net\bytebuddy\byte-buddy\1.7.11\byte-buddy-1.7.11.jar;F:\RepMaven\net\bytebuddy\byte-buddy-agent\1.7.11\byte-buddy-agent-1.7.11.jar;F:\RepMaven\org\objenesis\objenesis\2.6\objenesis-2.6.jar;F:\RepMaven\org\hamcrest\hamcrest-core\1.3\hamcrest-core-1.3.jar;F:\RepMaven\org\hamcrest\hamcrest-library\1.3\hamcrest-library-1.3.jar;F:\RepMaven\org\skyscreamer\jsonassert\1.5.0\jsonassert-1.5.0.jar;F:\RepMaven\com\vaadin\external\google\android-json\0.0.20131108.vaadin1\android-json-0.0.20131108.vaadin1.jar;F:\RepMaven\org\springframework\spring-test\5.0.7.RELEASE\spring-test-5.0.7.RELEASE.jar;F:\RepMaven\org\xmlunit\xmlunit-core\2.5.1\xmlunit-core-2.5.1.jar;"/>
    <property name="sun.cpu.endian" value="little"/>
    <property name="user.home" value="C:\Users\Administrator"/>
    <property name="user.language" value="zh"/>
    <property name="java.specification.vendor" value="Oracle Corporation"/>
    <property name="java.home" value="D:\developer_tools\Java\jdk1.8.0_131\jre"/>
    <property name="basedir" value="D:\workspace_idea3\Project01\mavendemo"/>
    <property name="file.separator" value="\"/>
    <property name="line.separator" value="&#10;"/>
    <property name="java.vm.specification.vendor" value="Oracle Corporation"/>
    <property name="java.specification.name" value="Java Platform API Specification"/>
    <property name="java.awt.graphicsenv" value="sun.awt.Win32GraphicsEnvironment"/>
    <property name="surefire.real.class.path" value="C:\Users\ADMINI~1\AppData\Local\Temp\surefire349837639503311543\surefirebooter6369718318277314103.jar"/>
    <property name="sun.boot.class.path" value="D:\developer_tools\Java\jdk1.8.0_131\jre\lib\resources.jar;D:\developer_tools\Java\jdk1.8.0_131\jre\lib\rt.jar;D:\developer_tools\Java\jdk1.8.0_131\jre\lib\sunrsasign.jar;D:\developer_tools\Java\jdk1.8.0_131\jre\lib\jsse.jar;D:\developer_tools\Java\jdk1.8.0_131\jre\lib\jce.jar;D:\developer_tools\Java\jdk1.8.0_131\jre\lib\charsets.jar;D:\developer_tools\Java\jdk1.8.0_131\jre\lib\jfr.jar;D:\developer_tools\Java\jdk1.8.0_131\jre\classes"/>
    <property name="user.script" value=""/>
    <property name="sun.management.compiler" value="HotSpot 64-Bit Tiered Compilers"/>
    <property name="java.runtime.version" value="1.8.0_131-b11"/>
    <property name="user.name" value="Administrator"/>
    <property name="path.separator" value=";"/>
    <property name="os.version" value="6.1"/>
    <property name="java.endorsed.dirs" value="D:\developer_tools\Java\jdk1.8.0_131\jre\lib\endorsed"/>
    <property name="java.runtime.name" value="Java(TM) SE Runtime Environment"/>
    <property name="file.encoding" value="GBK"/>
    <property name="java.vm.name" value="Java HotSpot(TM) 64-Bit Server VM"/>
    <property name="localRepository" value="F:\RepMaven"/>
    <property name="java.vendor.url.bug" value="http://bugreport.sun.com/bugreport/"/>
    <property name="java.io.tmpdir" value="C:\Users\ADMINI~1\AppData\Local\Temp\"/>
    <property name="idea.version" value="2017.3.1"/>
    <property name="java.version" value="1.8.0_131"/>
    <property name="user.dir" value="D:\workspace_idea3\Project01\mavendemo"/>
    <property name="os.arch" value="amd64"/>
    <property name="java.vm.specification.name" value="Java Virtual Machine Specification"/>
    <property name="java.awt.printerjob" value="sun.awt.windows.WPrinterJob"/>
    <property name="sun.os.patch.level" value="Service Pack 1"/>
    <property name="java.library.path" value="D:\developer_tools\Java\jdk1.8.0_131\jre\bin;C:\Windows\Sun\Java\bin;C:\Windows\system32;C:\Windows;C:\ProgramData\Oracle\Java\javapath;%JAVA_HOME%\bin;D:\developer_tools\oracle\product\10.2.0\client_1\bin;D:\developer_tools\oracle\product\10.2.0\db_1\bin;c:\gtk\bin;C:\Windows\system32;C:\Windows;C:\Windows\System32\Wbem;C:\Windows\System32\WindowsPowerShell\v1.0\;C:\Program Files (x86)\NVIDIA Corporation\PhysX\Common;D:\developer_tools\VisualSVN Server\bin;C:\Android;C:\Program Files\Intel\WiFi\bin\;C:\Program Files\Common Files\Intel\WirelessCommon\;D:\developer_tools\Java\jdk1.8.0_131\bin;D:\developer_tools\Git\bin;D:\developer_tools\apache-maven-3.2.2\bin;F:\develop_soft\scala-2.11.8\bin;D:\developer_tools\apache-tomcat-7.0.78\bin;D:\developer_tools\android-sdk-windows\platform-tools;D:\developer_tools\android-sdk-windows\tools;D:\developer_tools\Python\Python35-32;D:\developer_tools\MySQL\MySQL Server 5.5\bin;C:\Program Files\Intel\WiFi\bin\;C:\Program Files\Common Files\Intel\WirelessCommon\;F:\develop_soft\Git\bin;."/>
    <property name="java.vm.info" value="mixed mode"/>
    <property name="java.vendor" value="Oracle Corporation"/>
    <property name="java.vm.version" value="25.131-b11"/>
    <property name="java.ext.dirs" value="D:\developer_tools\Java\jdk1.8.0_131\jre\lib\ext;C:\Windows\Sun\Java\lib\ext"/>
    <property name="sun.io.unicode.encoding" value="UnicodeLittle"/>
    <property name="maven.repo.local" value="F:\RepMaven"/>
    <property name="java.class.version" value="52.0"/>
  </properties>
  <testcase name="contextLoads" classname="com.atguigu.maven.mavendemo.MavendemoApplicationTests" time="0.061"/>
</testsuite>